"../../../Engine/Content/Functions/Engine_MaterialFunctions01/Gradient/RadialGradient.uasset" 0
"../../../../UE4_Dalos-master/Content/BallisticsVFX/Particles/FXMaterials/Flares/M_Radial_Gradient.uasset" 1
"../../../../UE4_Dalos-master/Content/BallisticsVFX/Particles/FXMaterials/SmokeDust/Textures/whisp_One_512_8x8.uasset" 2
"../../../../UE4_Dalos-master/Content/BallisticsVFX/Particles/FXMaterials/Fragments/Textures/Noise_Anisotropic2_height.uasset" 3
"../../../../UE4_Dalos-master/Content/BallisticsVFX/Particles/FXMaterials/Fragments/Textures/Speckled_tile.uasset" 4
"../../../../UE4_Dalos-master/Content/BallisticsVFX/Particles/FXMaterials/Fragments/Textures/Speckled_tile_2.uasset" 5
"../../../Engine/Content/Functions/Engine_MaterialFunctions01/Texturing/FlattenNormal.uasset" 6
"../../../Engine/Content/EngineMaterials/BlendFunc_DefBlend.uasset" 7
"../../../Engine/Content/EngineMaterials/BlendFunc_DefBase.uasset" 8
"../../../Engine/Content/Functions/Engine_MaterialFunctions03/Blends/Blend_Lighten.uasset" 9
"../../../../UE4_Dalos-master/Content/BallisticsVFX/Particles/FXMaterials/SmokeDust/Textures/whisp_One_512_8x8_Normal.uasset" 10
"../../../../UE4_Dalos-master/Content/BallisticsVFX/Particles/FXMaterials/SmokeDust/SpeckledEmissive.uasset" 11
"../../../../UE4_Dalos-master/Content/BallisticsVFX/DemoMap/Textures/T_Smoke_D.uasset" 12
"../../../Engine/Content/Functions/Engine_MaterialFunctions01/Gradient/LinearGradient.uasset" 13
"../../../Engine/Content/Functions/Engine_MaterialFunctions01/ImageAdjustment/CheapContrast.uasset" 14
"../../../../UE4_Dalos-master/Content/BallisticsVFX/Particles/FXMaterials/SmokeDust/whispOne_Master_directional.uasset" 15
"../../../../UE4_Dalos-master/Content/BallisticsVFX/Particles/FXMaterials/SmokeDust/Whisps_trans.uasset" 16
"../../../../UE4_Dalos-master/Content/BallisticsVFX/Particles/FXMaterials/SmokeDust/Whisps_additive.uasset" 17
"../../../../UE4_Dalos-master/Content/BallisticsVFX/Particles/Destruction/Fractures/Legacy/Metal_fracture.uasset" 18
"../../../../UE4_Dalos-master/Content/BallisticsVFX/SFX/Impacts/Crack/Crack_1.uasset" 19
"../../../../UE4_Dalos-master/Content/BallisticsVFX/SFX/Impacts/Crack/Crack_2.uasset" 20
"../../../../UE4_Dalos-master/Content/BallisticsVFX/SFX/Impacts/Crack/Crack_8.uasset" 21
"../../../../UE4_Dalos-master/Content/BallisticsVFX/SFX/Impacts/Crack/Crack_7.uasset" 22
"../../../../UE4_Dalos-master/Content/BallisticsVFX/SFX/Impacts/Crack/Crack_6.uasset" 23
"../../../../UE4_Dalos-master/Content/BallisticsVFX/SFX/Impacts/Crack/Crack_5.uasset" 24
"../../../../UE4_Dalos-master/Content/BallisticsVFX/SFX/Impacts/Crack/Crack_4.uasset" 25
"../../../../UE4_Dalos-master/Content/BallisticsVFX/SFX/Impacts/Crack/Crack_3.uasset" 26
"../../../../UE4_Dalos-master/Content/BallisticsVFX/SFX/Impacts/Crack/HitCue.uasset" 27
"../../../../UE4_Dalos-master/Content/BallisticsVFX/SFX/Impacts/MetalDull/MetalHitMin.uasset" 28
"../../../../UE4_Dalos-master/Content/BallisticsVFX/SFX/Impacts/MetalDull/MetalHit.uasset" 29
"../../../../UE4_Dalos-master/Content/BallisticsVFX/SFX/Impacts/MetalDull/MetalThud_1.uasset" 30
"../../../../UE4_Dalos-master/Content/BallisticsVFX/SFX/Impacts/MetalDull/MetalThud_2.uasset" 31
"../../../../UE4_Dalos-master/Content/BallisticsVFX/SFX/Impacts/MetalDull/MetalThud_3.uasset" 32
"../../../../UE4_Dalos-master/Content/BallisticsVFX/SFX/Impacts/MetalDull/MetalThud_4.uasset" 33
"../../../../UE4_Dalos-master/Content/BallisticsVFX/SFX/Impacts/MetalDull/MetalThud_5.uasset" 34
"../../../../UE4_Dalos-master/Content/BallisticsVFX/SFX/Impacts/MetalDull/MetalThud_6.uasset" 35
"../../../../UE4_Dalos-master/Content/BallisticsVFX/SFX/Impacts/MetalDull/MetalThud_7.uasset" 36
"../../../../UE4_Dalos-master/Content/BallisticsVFX/SFX/Impacts/MetalDull/MetalThud_8.uasset" 37
"../../../../UE4_Dalos-master/Content/Curve/ADSChange.uasset" 38
"../../../../UE4_Dalos-master/Content/Curve/HealChange.uasset" 39
"../../../../UE4_Dalos-master/Content/FirstPerson/Character/Mesh/SK_Mannequin_Arms_PhysicsAsset.uasset" 40
"../../../../UE4_Dalos-master/Content/FirstPerson/Character/Textures/UE4_Mannequin_MAT_MASKA.uasset" 41
"../../../../UE4_Dalos-master/Content/FirstPerson/Character/Textures/UE4_Mannequin__normals.uasset" 42
"../../../../UE4_Dalos-master/Content/FirstPerson/Character/Materials/MaterialLayers/T_ML_Aluminum01_N.uasset" 43
"../../../../UE4_Dalos-master/Content/FirstPerson/Character/Materials/MaterialLayers/T_ML_Aluminum01.uasset" 44
"../../../../UE4_Dalos-master/Content/FirstPerson/Character/Materials/MaterialLayers/ML_SoftMetal_UE4.uasset" 45
"../../../../UE4_Dalos-master/Content/FirstPerson/Character/Textures/UE4_LOGO_CARD.uasset" 46
"../../../../UE4_Dalos-master/Content/FirstPerson/Character/Materials/MaterialLayers/ML_Plastic_Shiny_Beige_LOGO.uasset" 47
"../../../../UE4_Dalos-master/Content/FirstPerson/Character/Materials/MaterialLayers/ML_Plastic_Shiny_Beige.uasset" 48
"../../../../UE4_Dalos-master/Content/FirstPerson/Character/Materials/MaterialLayers/T_ML_Rubber_Blue_01_N.uasset" 49
"../../../../UE4_Dalos-master/Content/FirstPerson/Character/Materials/MaterialLayers/T_ML_Rubber_Blue_01_D.uasset" 50
"../../../../UE4_Dalos-master/Content/FirstPerson/Character/Materials/MaterialLayers/ML_GlossyBlack_Latex_UE4.uasset" 51
"../../../Engine/Content/Functions/MaterialLayerFunctions/MatLayerBlend_Simple.uasset" 52
"../../../Engine/Content/Functions/Engine_MaterialFunctions02/Utility/BlendAngleCorrectedNormals.uasset" 53
"../../../Engine/Content/Functions/MaterialLayerFunctions/MatLayerBlend_NormalBlend.uasset" 54
"../../../../UE4_Dalos-master/Content/FirstPerson/Character/Materials/M_UE4Man_Body.uasset" 55
"../../../Engine/Content/EngineMeshes/Humanoid.uasset" 56
"../../../../UE4_Dalos-master/Content/FirstPerson/Character/Mesh/SK_Mannequin_Arms_Skeleton.uasset" 57
"../../../../UE4_Dalos-master/Content/FirstPerson/Character/Mesh/SK_Mannequin_Arms.uasset" 58
"../../../../UE4_Dalos-master/Content/FPS_Weapon_Bundle/Weapons/Meshes/KA74U/SK_KA74U_X_Skeleton.uasset" 59
"../../../Engine/Content/Animation/DefaultAnimCurveCompressionSettings.uasset" 60
"../../../Engine/Content/Animation/DefaultAnimBoneCompressionSettings.uasset" 61
"../../../../UE4_Dalos-master/Content/FPS_Weapon_Bundle/Animation/KA74U/KA74U_X_Idle.uasset" 62
"../../../../UE4_Dalos-master/Content/FPS_Weapon_Bundle/Animation/KA74U/KA74U_X_AnimBP.uasset" 63
"../../../../UE4_Dalos-master/Content/IBWP3DXM82/Audio/FirstPersonTemplateWeaponFire02.uasset" 64
"../../../../UE4_Dalos-master/Content/IBWP3DXM82/Audio/FirstPersonTemplateWeaponFire02_Cue.uasset" 65
"../../../../UE4_Dalos-master/Content/FPS_Weapon_Bundle/Animation/KA74U/KA74U_X_Fire.uasset" 66
"../../../../UE4_Dalos-master/Content/FPS_Weapon_Bundle/Animation/KA74U/KA74U_X_Fire_Montage.uasset" 67
"../../../../UE4_Dalos-master/Content/Sci-FiSoundPack/Weapons/wav/Weapon_09_Reload_1.uasset" 68
"../../../../UE4_Dalos-master/Content/Sci-FiSoundPack/Weapons/wav/Weapon_08_Foley_2__Laser_.uasset" 69
"../../../../UE4_Dalos-master/Content/FPS_Weapon_Bundle/Animation/KA74U/KA74U_X_Reload.uasset" 70
"../../../../UE4_Dalos-master/Content/FPS_Weapon_Bundle/Animation/KA74U/KA74U_X_Reload_Montage.uasset" 71
"../../../../UE4_Dalos-master/Content/FPS_Weapon_Bundle/Weapons/Meshes/KA74U/SK_KA74U_X_Physics.uasset" 72
"../../../../UE4_Dalos-master/Content/FPS_Weapon_Bundle/Weapons/Textures/KA74U/T_KA74U_NRM.uasset" 73
"../../../../UE4_Dalos-master/Content/FPS_Weapon_Bundle/Weapons/Textures/KA74U/T_KA74U_M_MSK.uasset" 74
"../../../../UE4_Dalos-master/Content/FPS_Weapon_Bundle/Weapons/Textures/KA74U/T_KA74U_ALB.uasset" 75
"../../../../UE4_Dalos-master/Content/FPS_Weapon_Bundle/Weapons/Textures/Patterns/T_Stripes__Pattern.uasset" 76
"../../../../UE4_Dalos-master/Content/FPS_Weapon_Bundle/Weapons/Materials/Master_Material/M_Weapon_Master_USE.uasset" 77
"../../../../UE4_Dalos-master/Content/FPS_Weapon_Bundle/Weapons/Materials/KA74U/M_KA74U.uasset" 78
"../../../../UE4_Dalos-master/Content/FPS_Weapon_Bundle/Weapons/Textures/Ammunition/T_762x39_NRM.uasset" 79
"../../../../UE4_Dalos-master/Content/FPS_Weapon_Bundle/Weapons/Textures/Ammunition/T_762x39_M_MSK.uasset" 80
"../../../../UE4_Dalos-master/Content/FPS_Weapon_Bundle/Weapons/Textures/Ammunition/T_762x39_ALB.uasset" 81
"../../../../UE4_Dalos-master/Content/FPS_Weapon_Bundle/Weapons/Materials/Ammunition/M_762x39_Empty.uasset" 82
"../../../../UE4_Dalos-master/Content/FPS_Weapon_Bundle/Weapons/Meshes/KA74U/SK_KA74U_X.uasset" 83
"../../../../UE4_Dalos-master/Content/Mannequin/Character/Mesh/UE4_Mannequin_Skeleton.uasset" 84
"../../../../UE4_Dalos-master/Content/Mannequin/Animations/ThirdPersonWalk.uasset" 85
"../../../../UE4_Dalos-master/Content/Mannequin/Animations/ThirdPersonRun.uasset" 86
"../../../../UE4_Dalos-master/Content/Mannequin/Animations/ThirdPersonIdle.uasset" 87
"../../../../UE4_Dalos-master/Content/Mannequin/Animations/ThirdPerson_IdleRun_2D.uasset" 88
"../../../../UE4_Dalos-master/Content/Mannequin/Animations/ThirdPerson_Jump.uasset" 89
"../../../../UE4_Dalos-master/Content/Mannequin/Animations/ThirdPersonJump_Start.uasset" 90
"../../../../UE4_Dalos-master/Content/Mannequin/Animations/ThirdPersonJump_Loop.uasset" 91
"../../../Engine/Content/EditorBlueprintResources/StandardMacros.uasset" 92
"../../../../UE4_Dalos-master/Content/Mannequin/Animations/ThirdPerson_AnimBP.uasset" 93
"../../../../UE4_Dalos-master/Content/Mannequin/Character/Mesh/SK_Mannequin_PhysicsAsset.uasset" 94
"../../../../UE4_Dalos-master/Content/Mannequin/Character/Textures/T_UE4Logo_N.uasset" 95
"../../../../UE4_Dalos-master/Content/Mannequin/Character/Textures/T_UE4Logo_Mask.uasset" 96
"../../../../UE4_Dalos-master/Content/Mannequin/Character/Textures/T_Male_N.uasset" 97
"../../../../UE4_Dalos-master/Content/Mannequin/Character/Textures/T_Male_Mask.uasset" 98
"../../../../UE4_Dalos-master/Content/Mannequin/Character/Materials/MaterialLayers/T_ML_Rubber_Blue_01_N.uasset" 99
"../../../../UE4_Dalos-master/Content/Mannequin/Character/Materials/MaterialLayers/T_ML_Rubber_Blue_01_D.uasset" 100
"../../../../UE4_Dalos-master/Content/Mannequin/Character/Materials/MaterialLayers/T_ML_Aluminum01_N.uasset" 101
"../../../../UE4_Dalos-master/Content/Mannequin/Character/Materials/MaterialLayers/T_ML_Aluminum01.uasset" 102
"../../../../UE4_Dalos-master/Content/Mannequin/Character/Materials/MaterialLayers/ML_SoftMetal_UE4.uasset" 103
"../../../../UE4_Dalos-master/Content/Mannequin/Character/Materials/MaterialLayers/ML_Plastic_Shiny_Beige_LOGO.uasset" 104
"../../../../UE4_Dalos-master/Content/Mannequin/Character/Materials/MaterialLayers/ML_Plastic_Shiny_Beige.uasset" 105
"../../../../UE4_Dalos-master/Content/Mannequin/Character/Materials/MaterialLayers/ML_GlossyBlack_Latex_UE4.uasset" 106
"../../../../UE4_Dalos-master/Content/Mannequin/Character/Materials/M_Male_Body.uasset" 107
"../../../../UE4_Dalos-master/Content/Mannequin/Character/Materials/M_UE4Man_ChestLogo.uasset" 108
"../../../../UE4_Dalos-master/Content/Mannequin/Character/Mesh/SK_Mannequin.uasset" 109
"../../../../UE4_Dalos-master/Content/Player/Grey_Camera.uasset" 110
"../../../../UE4_Dalos-master/Content/Player/Anim/Arm/UnArmed/Walk/UnArmed_Walk_Arm.uasset" 111
"../../../../UE4_Dalos-master/Content/Player/Anim/Arm/UnArmed/Walk/UnArmed_Run_Arm.uasset" 112
"../../../../UE4_Dalos-master/Content/Player/Anim/Arm/UnArmed/Walk/UnArmed_Walk_Blend.uasset" 113
"../../../../UE4_Dalos-master/Content/Player/Anim/Arm/Armed/AK/HandUp/Armed_AK_HandUp_Up_Arm.uasset" 114
"../../../../UE4_Dalos-master/Content/Player/Anim/Arm/Armed/AK/HandUp/Armed_AK_HandUp_Down_Arm.uasset" 115
"../../../../UE4_Dalos-master/Content/Player/Anim/Arm/Armed/AK/HandUp/Armed_AK_HandUp_Center_Arm.uasset" 116
"../../../../UE4_Dalos-master/Content/Player/Anim/Arm/Armed/AK/HandUp/Armed_AK_HandUp_Arm_Blend.uasset" 117
"../../../../UE4_Dalos-master/Content/Player/Anim/Arm/Armed/AK/Walk/Armed_AK_Walk_R_Arm.uasset" 118
"../../../../UE4_Dalos-master/Content/Player/Anim/Arm/Armed/AK/Walk/Armed_AK_Walk_L_Arm2.uasset" 119
"../../../../UE4_Dalos-master/Content/Player/Anim/Arm/Armed/AK/Walk/Armed_AK_Walk_F_Arm.uasset" 120
"../../../../UE4_Dalos-master/Content/Player/Anim/Arm/Armed/AK/Walk/Armed_AK_Walk_B_Arm2.uasset" 121
"../../../../UE4_Dalos-master/Content/Player/Anim/Arm/Armed/AK/Walk/Armed_AK_Walk_Arm_Blend2.uasset" 122
"../../../../UE4_Dalos-master/Content/Player/Anim/Arm/UnArmed/UnArmed_Idle_Arm.uasset" 123
"../../../../UE4_Dalos-master/Content/Player/Anim/Arm/Armed/AK/Armed_AK_Splint_Arm.uasset" 124
"../../../../UE4_Dalos-master/Content/Player/Anim/Arm/Armed/AK/Armed_AK_Idle_Arm2.uasset" 125
"../../../../UE4_Dalos-master/Content/Player/Anim/Arm/Armed/AK/Armed_AK_Idle_Arm.uasset" 126
"../../../../UE4_Dalos-master/Content/Player/Anim/Arm/Armed/AK/Armed_AK_Base_ADS_Arm.uasset" 127
"../../../../UE4_Dalos-master/Content/Player/Anim/Arm/Armed/AK/ADS/Armed_AK_Walk_ADS_Arm.uasset" 128
"../../../../UE4_Dalos-master/Content/Player/Anim/Arm/Armed/AK/TurnOffset/Armed_AK_Base_Arm7.uasset" 129
"../../../../UE4_Dalos-master/Content/Player/Anim/Arm/Armed/AK/TurnOffset/Armed_AK_Turn_Up_Arm.uasset" 130
"../../../../UE4_Dalos-master/Content/Player/Anim/Arm/Armed/AK/TurnOffset/Armed_AK_Turn_Right_Arm.uasset" 131
"../../../../UE4_Dalos-master/Content/Player/Anim/Arm/Armed/AK/TurnOffset/Armed_AK_Turn_Left_Arm.uasset" 132
"../../../../UE4_Dalos-master/Content/Player/Anim/Arm/Armed/AK/TurnOffset/Armed_AK_Turn_Down_Arm.uasset" 133
"../../../../UE4_Dalos-master/Content/Player/Anim/Arm/Armed/AK/TurnOffset/Armed_AK_Turn_Center_Arm.uasset" 134
"../../../../UE4_Dalos-master/Content/Player/Anim/Arm/Armed/AK/TurnOffset/Armed_AK_Turn_AimOffset_Arm.uasset" 135
"../../../../UE4_Dalos-master/Content/Player/Anim/Arm/PlayerArmAnimBP.uasset" 136
"../../../../UE4_Dalos-master/Content/Player/Anim/Arm/Armed/AK/Armed_AK_Reload_Arm.uasset" 137
"../../../../UE4_Dalos-master/Content/Player/Anim/Arm/Armed/AK/Armed_AK_Reload_Arm_Montage.uasset" 138
"../../../../UE4_Dalos-master/Content/Player/Anim/Arm/Armed/AK/Fire/Armed_AK_Fire_Center_Arm.uasset" 139
"../../../../UE4_Dalos-master/Content/Player/Anim/Arm/Armed/AK/Fire/Armed_AK_Fire_Center_Arm_Montage.uasset" 140
"../../../../UE4_Dalos-master/Content/Player/Anim/Arm/Armed/AK/Fire/Armed_AK_Fire_Complex_Arm.uasset" 141
"../../../../UE4_Dalos-master/Content/Player/Anim/Arm/Armed/AK/Fire/Armed_AK_Fire_Complex_Arm_Montage.uasset" 142
"../../../../UE4_Dalos-master/Content/Player/Anim/Arm/Armed/AK/Fire/Armed_AK_Fire_R_ADS_Arm.uasset" 143
"../../../../UE4_Dalos-master/Content/Player/Anim/Arm/Armed/AK/Fire/Armed_AK_Fire_L_ADS_Arm.uasset" 144
"../../../../UE4_Dalos-master/Content/Player/Anim/Arm/Armed/AK/Fire/Armed_AK_Fire_C_ADS_Arm.uasset" 145
"../../../../UE4_Dalos-master/Content/Player/Anim/Arm/Armed/AK/Fire/Armed_AK_Fire_C_ADS_Arm_Montage.uasset" 146
"../../../../UE4_Dalos-master/Content/Player/Anim/Arm/Armed/AK/Fire/Armed_AK_Fire_R_Arm.uasset" 147
"../../../../UE4_Dalos-master/Content/Player/Anim/Arm/Armed/AK/Fire/Armed_AK_Fire_L_Arm.uasset" 148
"../../../../UE4_Dalos-master/Content/Player/Anim/Arm/Armed/AK/Fire/Armed_AK_Fire_C_Arm.uasset" 149
"../../../../UE4_Dalos-master/Content/Player/Anim/Arm/Armed/AK/Fire/Armed_AK_Fire_C_Arm_Montage.uasset" 150
"../../../../UE4_Dalos-master/Content/Sci-FiSoundPack/MISC/wav/Metal_Box_Impact_1_3.uasset" 151
"../../../../UE4_Dalos-master/Content/Player/Anim/Arm/UnArmed/UnArmed_Punch_R_Arm.uasset" 152
"../../../../UE4_Dalos-master/Content/Player/Anim/Arm/UnArmed/UnArmed_Punch_L_Arm.uasset" 153
"../../../../UE4_Dalos-master/Content/Player/Anim/Arm/UnArmed/UnArmed_Punch_Arm_Montage.uasset" 154
"../../../../UE4_Dalos-master/Content/Player/Anim/Body/Armed/HandUp/Armed_AK_HandUp_Center_Body.uasset" 155
"../../../../UE4_Dalos-master/Content/Player/Anim/Body/Prone/Prone_Base_Be_R.uasset" 156
"../../../../UE4_Dalos-master/Content/Player/Anim/Body/Prone/Aim/Prone_R_Up.uasset" 157
"../../../../UE4_Dalos-master/Content/Player/Anim/Body/Prone/Aim/Prone_R_Down.uasset" 158
"../../../../UE4_Dalos-master/Content/Player/Anim/Body/Prone/Aim/Prone_R_Aim.uasset" 159
"../../../../UE4_Dalos-master/Content/Player/Anim/Body/Prone/Prone_Base_Be_L.uasset" 160
"../../../../UE4_Dalos-master/Content/Player/Anim/Body/Prone/Aim/Prone_L_Up.uasset" 161
"../../../../UE4_Dalos-master/Content/Player/Anim/Body/Prone/Aim/Prone_L_Down.uasset" 162
"../../../../UE4_Dalos-master/Content/Player/Anim/Body/Prone/Aim/Prone_L_Aim.uasset" 163
"../../../../UE4_Dalos-master/Content/Player/Anim/Body/Prone/Prone_Base_Be_D.uasset" 164
"../../../../UE4_Dalos-master/Content/Player/Anim/Body/Prone/Aim/Prone_D_Up.uasset" 165
"../../../../UE4_Dalos-master/Content/Player/Anim/Body/Prone/Aim/Prone_D_Down.uasset" 166
"../../../../UE4_Dalos-master/Content/Player/Anim/Body/Prone/Aim/Prone_D_Aim.uasset" 167
"../../../../UE4_Dalos-master/Content/Player/Anim/Body/Prone/Prone_Base.uasset" 168
"../../../../UE4_Dalos-master/Content/Player/Anim/Body/Prone/Aim/Prone_Be_Up.uasset" 169
"../../../../UE4_Dalos-master/Content/Player/Anim/Body/Prone/Aim/Prone_Be_Down.uasset" 170
"../../../../UE4_Dalos-master/Content/Player/Anim/Body/Prone/Aim/Prone_Be_Aim.uasset" 171
"../../../../UE4_Dalos-master/Content/Player/Anim/Body/Idle_Base.uasset" 172
"../../../../UE4_Dalos-master/Content/Player/Anim/Body/AimOffset/Right_AimOffset.uasset" 173
"../../../../UE4_Dalos-master/Content/Player/Anim/Body/AimOffset/Left_AimOffset.uasset" 174
"../../../../UE4_Dalos-master/Content/Player/Anim/Body/AimOffset/Center_AimOffset.uasset" 175
"../../../../UE4_Dalos-master/Content/Player/Anim/Body/AimOffset/Base_Yaw_AimOffset.uasset" 176
"../../../../UE4_Dalos-master/Content/Player/Anim/Body/AimOffset/Up_AimOffset.uasset" 177
"../../../../UE4_Dalos-master/Content/Player/Anim/Body/AimOffset/Down_AimOffset.uasset" 178
"../../../../UE4_Dalos-master/Content/Player/Anim/Body/AimOffset/Base_Pitch_AimOffset.uasset" 179
"../../../../UE4_Dalos-master/Content/Player/Sound/FootStep/Concrete_Walk_05.uasset" 180
"../../../../UE4_Dalos-master/Content/Player/Sound/FootStep/Concrete_Walk_04.uasset" 181
"../../../../UE4_Dalos-master/Content/Player/Sound/FootStep/Concrete_Walk_03.uasset" 182
"../../../../UE4_Dalos-master/Content/Player/Sound/FootStep/Concrete_Walk_02.uasset" 183
"../../../../UE4_Dalos-master/Content/Player/Sound/FootStep/Concrete_Walk_01.uasset" 184
"../../../../UE4_Dalos-master/Content/Player/Sound/FootStep/FootSteps.uasset" 185
"../../../../UE4_Dalos-master/Content/Player/Anim/Body/ALS_N_Sprint_F.uasset" 186
"../../../../UE4_Dalos-master/Content/Player/Anim/Body/Walk/ALS_N_Walk_RF.uasset" 187
"../../../../UE4_Dalos-master/Content/Player/Anim/Body/Walk/ALS_N_WalkPose_R.uasset" 188
"../../../../UE4_Dalos-master/Content/Player/Anim/Body/Walk/ALS_N_Run_RF.uasset" 189
"../../../../UE4_Dalos-master/Content/Player/Anim/Body/Walk/Walk_RF_Blend.uasset" 190
"../../../../UE4_Dalos-master/Content/Player/Anim/Body/Walk/ALS_N_Walk_RB.uasset" 191
"../../../../UE4_Dalos-master/Content/Player/Anim/Body/Walk/ALS_N_WalkPose_L.uasset" 192
"../../../../UE4_Dalos-master/Content/Player/Anim/Body/Walk/ALS_N_Run_RB.uasset" 193
"../../../../UE4_Dalos-master/Content/Player/Anim/Body/Walk/Walk_RB_Blend.uasset" 194
"../../../../UE4_Dalos-master/Content/Player/Anim/Body/Walk/ALS_N_Walk_LF.uasset" 195
"../../../../UE4_Dalos-master/Content/Player/Anim/Body/Walk/ALS_N_Run_LF.uasset" 196
"../../../../UE4_Dalos-master/Content/Player/Anim/Body/Walk/Walk_LF_Blend.uasset" 197
"../../../../UE4_Dalos-master/Content/Player/Anim/Body/Walk/ALS_N_Walk_LB.uasset" 198
"../../../../UE4_Dalos-master/Content/Player/Anim/Body/Walk/ALS_N_Run_LB.uasset" 199
"../../../../UE4_Dalos-master/Content/Player/Anim/Body/Walk/Walk_LB_Blend.uasset" 200
"../../../../UE4_Dalos-master/Content/Player/Anim/Body/Walk/ALS_N_Walk_F.uasset" 201
"../../../../UE4_Dalos-master/Content/Player/Anim/Body/Walk/ALS_N_WalkPose_F.uasset" 202
"../../../../UE4_Dalos-master/Content/Player/Anim/Body/Walk/ALS_N_Run_F.uasset" 203
"../../../../UE4_Dalos-master/Content/Player/Anim/Body/Walk/Walk_F_Blend.uasset" 204
"../../../../UE4_Dalos-master/Content/Player/Anim/Body/Walk/ALS_N_Walk_B.uasset" 205
"../../../../UE4_Dalos-master/Content/Player/Anim/Body/Walk/ALS_N_Run_B.uasset" 206
"../../../../UE4_Dalos-master/Content/Player/Anim/Body/Walk/Walk_B_Blend.uasset" 207
"../../../../UE4_Dalos-master/Content/Player/Anim/Body/Prone/Prone_Idle.uasset" 208
"../../../../UE4_Dalos-master/Content/Player/Anim/Body/Prone/ProneBlend.uasset" 209
"../../../../UE4_Dalos-master/Content/Player/Anim/Body/Walk/ALS_CLF_Walk_R.uasset" 210
"../../../../UE4_Dalos-master/Content/Player/Anim/Body/Walk/ALS_CLF_Walk_L.uasset" 211
"../../../../UE4_Dalos-master/Content/Player/Anim/Body/Walk/ALS_CLF_Walk_F.uasset" 212
"../../../../UE4_Dalos-master/Content/Player/Anim/Body/Walk/ALS_CLF_Walk_B.uasset" 213
"../../../../UE4_Dalos-master/Content/Player/Anim/Body/Crouch/Crouch_Walk_Blend.uasset" 214
"../../../../UE4_Dalos-master/Content/Player/Anim/Body/UnArmed/UnArmed_Idle_Body.uasset" 215
"../../../../UE4_Dalos-master/Content/Player/Anim/Body/Prone/Change/Stand_To_Prone.uasset" 216
"../../../../UE4_Dalos-master/Content/Player/Anim/Body/Prone/Change/ProneD_To_Stand.uasset" 217
"../../../../UE4_Dalos-master/Content/Player/Anim/Body/Prone/Change/Prone_To_Stand.uasset" 218
"../../../../UE4_Dalos-master/Content/Player/Anim/Body/Prone/Change/Prone_To_Crouch.uasset" 219
"../../../../UE4_Dalos-master/Content/Player/Anim/Body/Prone/Change/Pd--C1.uasset" 220
"../../../../UE4_Dalos-master/Content/Player/Anim/Body/Prone/Change/Crouch_To_Prone.uasset" 221
"../../../../UE4_Dalos-master/Content/Player/Anim/Body/Jump/ALS_N_Land_Light.uasset" 222
"../../../../UE4_Dalos-master/Content/Player/Anim/Body/Jump/ALS_N_JumpWalk_LF.uasset" 223
"../../../../UE4_Dalos-master/Content/Player/Anim/Body/Jump/ALS_N_FallLoop.uasset" 224
"../../../../UE4_Dalos-master/Content/Player/Anim/Body/Crouch/ALS_N_to_CLF.uasset" 225
"../../../../UE4_Dalos-master/Content/Player/Anim/Body/Crouch/ALS_CLF_to_N.uasset" 226
"../../../../UE4_Dalos-master/Content/Player/Anim/Body/Crouch/ALS_CLF_Pose.uasset" 227
"../../../../UE4_Dalos-master/Content/Player/Anim/Body/Armed/Idle_Rifle_Ironsights.uasset" 228
"../../../../UE4_Dalos-master/Content/Curve/DirChange.uasset" 229
"../../../../UE4_Dalos-master/Content/Player/Anim/Body/PlayerBodyAnimBP.uasset" 230
"../../../../UE4_Dalos-master/Content/Player/Anim/Body/Sliding_Body.uasset" 231
"../../../../UE4_Dalos-master/Content/Player/Anim/Body/Sliding_Body_Montage.uasset" 232
"../../../../UE4_Dalos-master/Content/Player/Anim/Body/Climb/ALS_N_Mantle_1m_RH.uasset" 233
"../../../../UE4_Dalos-master/Content/Player/Anim/Body/Climb/ALS_N_Mantle_1m_RH_Montage.uasset" 234
"../../../../UE4_Dalos-master/Content/Player/Anim/Body/Climb/Player_Vault.uasset" 235
"../../../../UE4_Dalos-master/Content/Player/Anim/Body/Climb/Player_Vault_Montage.uasset" 236
"../../../../UE4_Dalos-master/Content/Player/Anim/Body/UnArmed/UnArmed_Melee_R_Body.uasset" 237
"../../../../UE4_Dalos-master/Content/Player/Anim/Body/UnArmed/UnArmed_Melee_L_Body.uasset" 238
"../../../../UE4_Dalos-master/Content/Player/Anim/Body/UnArmed/UnArmed_Melee_Body_Montage.uasset" 239
"../../../../UE4_Dalos-master/Content/IBWP3DXM82/Particles/Bullet_Hole.uasset" 240
"../../../../UE4_Dalos-master/Content/Player/Projectile/Bullet_Hole_M.uasset" 241
"../../../../UE4_Dalos-master/Content/Player/Projectile/Pistol_Tracer_Mat.uasset" 242
"../../../../UE4_Dalos-master/Content/Player/Team/Character_BlueTeam_Mat.uasset" 243
"../../../../UE4_Dalos-master/Content/Player/Team/Character_RedTeam_Mat.uasset" 244
"../../../../UE4_Dalos-master/Content/Sci-FiSoundPack/Mechanical/wav/Device_Toggle_10.uasset" 245
"../../../../UE4_Dalos-master/Content/ThirdPersonCPP/Blueprints/ThirdPersonCharacter.uasset" 246
"../../../../UE4_Dalos-master/Content/UI/Item/Item_Interaction.uasset" 247
"../../../../UE4_Dalos-master/Content/UI/Levels/BeginPlayCount.uasset" 248
"../../../../UE4_Dalos-master/Content/UI/Levels/ChatText.uasset" 249
"../../../../UE4_Dalos-master/Content/UI/Levels/ChatWindow.uasset" 250
"../../../../UE4_Dalos-master/Content/UI/Levels/GamePlayChat.uasset" 251
"../../../../UE4_Dalos-master/Content/UI/Levels/WinCount.uasset" 252
"../../../../UE4_Dalos-master/Content/UI/Lobby/PlayCount.uasset" 253
"../../../../UE4_Dalos-master/Content/UI/Lobby/Lobby_PlayerListSlot.uasset" 254
"../../../../UE4_Dalos-master/Content/UI/Lobby/Lobby_PlayerList.uasset" 255
"../../../../UE4_Dalos-master/Content/UI/Lobby/Lobby_GameSetting.uasset" 256
"../../../../UE4_Dalos-master/Content/UI/LobbyShot.uasset" 257
"../../../../UE4_Dalos-master/Content/UI/Lobby/LobbyMenu.uasset" 258
"../../../../UE4_Dalos-master/Content/UI/Lobby/Lobby_PlayerStateAndCountDown.uasset" 259
"../../../../UE4_Dalos-master/Content/UI/Loby/GameSettings.uasset" 260
"../../../../UE4_Dalos-master/Content/UI/Loby/ConnectedPlayer.uasset" 261
"../../../../UE4_Dalos-master/Content/UI/Loby/CharacterSelected.uasset" 262
"../../../../UE4_Dalos-master/Content/UI/Loby/LobyMenu.uasset" 263
"../../../../UE4_Dalos-master/Content/UI/Loby/PlayCount.uasset" 264
"../../../../UE4_Dalos-master/Content/UI/Loby/PlayerButton.uasset" 265
"../../../../UE4_Dalos-master/Content/UI/Loby/PlayerList.uasset" 266
"../../../../UE4_Dalos-master/Content/UI/MainMenu/ErrorDialog.uasset" 267
"../../../../UE4_Dalos-master/Content/UI/MainShot.uasset" 268
"../../../../UE4_Dalos-master/Content/UI/MainMenu/HostMenu.uasset" 269
"../../../../UE4_Dalos-master/Content/UI/MainMenu/HostMenu1.uasset" 270
"../../../../UE4_Dalos-master/Content/UI/MainMenu/MainMenu.uasset" 271
"../../../../UE4_Dalos-master/Content/StarterContent/Textures/T_Brick_Cut_Stone_D.uasset" 272
"../../../../UE4_Dalos-master/Content/StarterContent/Textures/T_Brick_Clay_Old_D.uasset" 273
"../../../../UE4_Dalos-master/Content/StarterContent/Textures/T_Brick_Clay_Beveled_D.uasset" 274
"../../../../UE4_Dalos-master/Content/UI/MainMenu/OptionMenus.uasset" 275
"../../../../UE4_Dalos-master/Content/UI/MainMenu/ServerListWindow.uasset" 276
"../../../../UE4_Dalos-master/Content/UI/MainMenu/ServerMenu.uasset" 277
"../../../../UE4_Dalos-master/Content/UI/MainMenu/ServerMenu1.uasset" 278
"../../../../UE4_Dalos-master/Content/UI/MainMenu/ServerList.uasset" 279
"../../../../UE4_Dalos-master/Content/UI/Levels/LoadingScreen.uasset" 280
"../../../../UE4_Dalos-master/Content/UI/MainMenu/ServerMenu2.uasset" 281
"../../../../UE4_Dalos-master/Content/UI/Player/Ammo.uasset" 282
"../../../../UE4_Dalos-master/Content/UI/Player/CrossHair.uasset" 283
"../../../../UE4_Dalos-master/Content/UI/Player/HitCheck.uasset" 284
"../../../../UE4_Dalos-master/Content/UI/Player/MatchHP.uasset" 285
"../../../../UE4_Dalos-master/Content/UI/Player/MatchState.uasset" 286
"../../../Engine/Content/Functions/Engine_MaterialFunctions02/Utility/VectorToRadialValue.uasset" 287
"../../../Engine/Content/Functions/Engine_MaterialFunctions02/Texturing/CustomRotator.uasset" 288
"../../../Engine/Content/Functions/Engine_MaterialFunctions01/Gradient/SphereGradient-2D.uasset" 289
"../../../../UE4_Dalos-master/Content/UI/Player/M_HitCircle.uasset" 290
"../../../../UE4_Dalos-master/Content/UI/Player/M_HitCircle_Inst.uasset" 291
"../../../../UE4_Dalos-master/Content/UI/Player/PlayerHitCheck.uasset" 292
"../../../Engine/Content/Functions/Engine_MaterialFunctions01/Opacity/CameraDepthFade.uasset" 293
"../../../Engine/Content/EngineMaterials/T_Default_Material_Grid_N.uasset" 294
"../../../Engine/Content/EngineMaterials/T_Default_Material_Grid_M.uasset" 295
"../../../Engine/Content/EngineMaterials/WorldGridMaterial.uasset" 296
"../../../Engine/Content/ArtTools/RenderToTexture/Meshes/S_1_Unit_Plane.uasset" 297
"../../../Engine/Content/EngineMaterials/DefaultMaterial.uasset" 298
"../../../Engine/Content/BasicShapes/Cone.uasset" 299
"../../../Engine/Content/BasicShapes/Cube.uasset" 300
"../../../Engine/Content/BasicShapes/Plane.uasset" 301
"../../../Engine/Content/BasicShapes/Sphere.uasset" 302
"../../../Engine/Content/EditorLandscapeResources/DataLayer.uasset" 303
"../../../Engine/Content/EditorLandscapeResources/DefaultAlphaTexture.uasset" 304
"../../../Engine/Content/EditorMaterials/MAT_Groups_Toggle.uasset" 305
"../../../Engine/Content/EditorMaterials/MAT_Groups_Visibility.uasset" 306
"../../../Engine/Content/EditorMaterials/PreviewShadowIndicator.uasset" 307
"../../../Engine/Content/EditorMaterials/PreviewShadowIndicatorMaterial.uasset" 308
"../../../Engine/Content/EditorMaterials/MatineeGroups/MAT_ColorTrack.uasset" 309
"../../../Engine/Content/EditorMaterials/MatineeGroups/MAT_Groups_Anim.uasset" 310
"../../../Engine/Content/EditorMaterials/MatineeGroups/MAT_Groups_AudioMaster.uasset" 311
"../../../Engine/Content/EditorMaterials/MatineeGroups/MAT_Groups_Director.uasset" 312
"../../../Engine/Content/EditorMaterials/MatineeGroups/MAT_Groups_Event.uasset" 313
"../../../Engine/Content/EditorMaterials/MatineeGroups/MAT_Groups_Fade.uasset" 314
"../../../Engine/Content/EditorMaterials/MatineeGroups/MAT_Groups_Float.uasset" 315
"../../../Engine/Content/EditorMaterials/MatineeGroups/MAT_Groups_Move.uasset" 316
"../../../Engine/Content/EditorMaterials/MatineeGroups/MAT_Groups_Slomo.uasset" 317
"../../../Engine/Content/EditorMaterials/MatineeGroups/MAT_Groups_Sound.uasset" 318
"../../../Engine/Content/EditorMaterials/MatineeGroups/MAT_Groups_Vector.uasset" 319
"../../../Engine/Content/EditorMaterials/ParticleSystems/PSysThumbnail_NoImage.uasset" 320
"../../../Engine/Content/EditorMaterials/ParticleSystems/PSysThumbnail_OOD.uasset" 321
"../../../Engine/Content/EditorMaterials/Camera/CineMat.uasset" 322
"../../../Engine/Content/EditorMaterials/Camera/MI_CineMat_Rig.uasset" 323
"../../../Engine/Content/EditorMeshes/Camera/SM_CraneRig_Arm.uasset" 324
"../../../Engine/Content/EditorMeshes/Camera/SM_CraneRig_Base.uasset" 325
"../../../Engine/Content/EditorMeshes/Camera/SM_CraneRig_Body.uasset" 326
"../../../Engine/Content/EditorMeshes/Camera/SM_CraneRig_Mount.uasset" 327
"../../../Engine/Content/EditorMeshes/Camera/SM_RailRig_Mount.uasset" 328
"../../../Engine/Content/EditorMeshes/Camera/SM_RailRig_Track.uasset" 329
"../../../Engine/Content/EditorResources/BSPVertex.uasset" 330
"../../../Engine/Content/EditorResources/EmptyActor.uasset" 331
"../../../Engine/Content/EditorResources/S_Actor.uasset" 332
"../../../Engine/Content/EditorResources/S_Note.uasset" 333
"../../../Engine/Content/EditorResources/S_Solver.uasset" 334
"../../../Engine/Content/EditorResources/S_Terrain.uasset" 335
"../../../Engine/Content/EditorResources/S_Trigger.uasset" 336
"../../../Engine/Content/EditorResources/AudioIcons/S_AudioComponent_AutoActivate.uasset" 337
"../../../Engine/Content/EditorResources/LightIcons/S_LightError.uasset" 338
"../../../Engine/Content/EditorResources/SequenceRecorder/Countdown.uasset" 339
"../../../Engine/Content/EditorResources/SequenceRecorder/RecordingIndicator.uasset" 340
"../../../Engine/Content/EngineDamageTypes/DmgTypeBP_Environmental.uasset" 341
"../../../Engine/Content/EngineDebugMaterials/DebugEditorMaterial.uasset" 342
"../../../Engine/Content/EngineDebugMaterials/DebugMeshMaterial.uasset" 343
"../../../Engine/Content/EngineDebugMaterials/M_SimpleUnlitTranslucent.uasset" 344
"../../../Engine/Content/EngineDebugMaterials/VolumeToRender.uasset" 345
"../../../Engine/Content/Functions/Engine_MaterialFunctions02/Utility/CameraDirectionVector.uasset" 346
"../../../Engine/Content/EngineDebugMaterials/M_VolumeRenderSphereTracePP.uasset" 347
"../../../Engine/Content/Functions/Engine_MaterialFunctions01/Shading/ConvertFromDiffSpec.uasset" 348
"../../../Engine/Content/EngineDebugMaterials/VertexColorMaterial.uasset" 349
"../../../Engine/Content/EngineDebugMaterials/WireframeMaterial.uasset" 350
"../../../Engine/Content/EngineFonts/Faces/RobotoRegular.uasset" 351
"../../../Engine/Content/EngineFonts/Faces/RobotoLight.uasset" 352
"../../../Engine/Content/EngineFonts/Faces/RobotoItalic.uasset" 353
"../../../Engine/Content/EngineFonts/Faces/RobotoBoldItalic.uasset" 354
"../../../Engine/Content/EngineFonts/Faces/RobotoBold.uasset" 355
"../../../Engine/Content/EngineFonts/Faces/DroidSansFallback.uasset" 356
"../../../Engine/Content/EngineFonts/Roboto.uasset" 357
"../../../Engine/Content/EngineMaterials/BaseFlattenNormalMap.uasset" 358
"../../../Engine/Content/EngineMaterials/BaseFlattenGrayscaleMap.uasset" 359
"../../../Engine/Content/EngineMaterials/BaseFlattenEmissiveMap.uasset" 360
"../../../Engine/Content/EngineMaterials/BaseFlattenDiffuseMap.uasset" 361
"../../../Engine/Content/EngineMaterials/BaseFlattenMaterial.uasset" 362
"../../../Engine/Content/EngineMaterials/BlueNoise.uasset" 363
"../../../Engine/Content/EngineMaterials/DefaultBloomKernel.uasset" 364
"../../../Engine/Content/EngineMaterials/DefaultBokeh.uasset" 365
"../../../Engine/Content/EngineMaterials/DefaultDiffuse.uasset" 366
"../../../Engine/Content/EngineMaterials/DefaultDeferredDecalMaterial.uasset" 367
"../../../Engine/Content/EngineMaterials/DefaultLightFunctionMaterial.uasset" 368
"../../../Engine/Content/EngineMaterials/DefaultPhysicalMaterial.uasset" 369
"../../../Engine/Content/Functions/Engine_MaterialFunctions02/Utility/BreakOutFloat2Components.uasset" 370
"../../../Engine/Content/EngineMaterials/DefaultPostProcessMaterial.uasset" 371
"../../../Engine/Content/EngineFonts/RobotoDistanceField.uasset" 372
"../../../Engine/Content/EngineMaterials/DefaultTextMaterialOpaque.uasset" 373
"../../../Engine/Content/EngineMaterials/DefaultWhiteGrid.uasset" 374
"../../../Engine/Content/EngineMaterials/DefaultWhiteGrid_Low.uasset" 375
"../../../Engine/Content/EngineMaterials/EmissiveMeshMaterial.uasset" 376
"../../../Engine/Content/EngineMaterials/GizmoMaterial.uasset" 377
"../../../Engine/Content/EngineMaterials/Good64x64TilingNoiseHighFreq.uasset" 378
"../../../Engine/Content/EngineMaterials/MiniFont.uasset" 379
"../../../Engine/Content/EngineMaterials/InvalidLightmapSettings.uasset" 380
"../../../Engine/Content/EngineMaterials/M_InvalidLightmapSettings.uasset" 381
"../../../Engine/Content/Functions/Engine_MaterialFunctions02/WorldPositionOffset/CameraOffset.uasset" 382
"../../../Engine/Content/EngineMaterials/PhAT_JointLimitMaterial.uasset" 383
"../../../Engine/Content/EngineMaterials/PreintegratedSkinBRDF.uasset" 384
"../../../Engine/Content/EngineMaterials/RemoveSurfaceMaterial.uasset" 385
"../../../Engine/Content/EngineMaterials/WeightMapPlaceholderTexture.uasset" 386
"../../../Engine/Content/EngineResources/WhiteSquareTexture.uasset" 387
"../../../Engine/Content/EngineMaterials/Widget3DPassThrough.uasset" 388
"../../../Engine/Content/EngineMaterials/Widget3DPassThrough_Masked.uasset" 389
"../../../Engine/Content/EngineMaterials/Widget3DPassThrough_Opaque.uasset" 390
"../../../Engine/Content/EngineMaterials/Widget3DPassThrough_Masked_OneSided.uasset" 391
"../../../Engine/Content/EngineMaterials/Widget3DPassThrough_Opaque_OneSided.uasset" 392
"../../../Engine/Content/EngineMaterials/Widget3DPassThrough_Translucent.uasset" 393
"../../../Engine/Content/EngineMaterials/Widget3DPassThrough_Translucent_OneSided.uasset" 394
"../../../Engine/Content/EngineMeshes/Cylinder.uasset" 395
"../../../Engine/Content/EngineMeshes/Sphere.uasset" 396
"../../../Engine/Content/EngineResources/Black.uasset" 397
"../../../Engine/Content/EngineResources/DefaultTextureCube.uasset" 398
"../../../Engine/Content/EngineResources/DefaultVolumeTexture2D.uasset" 399
"../../../Engine/Content/EngineResources/DefaultVolumeTexture.uasset" 400
"../../../Engine/Content/EngineResources/GradientTexture0.uasset" 401
"../../../Engine/Content/EngineSky/VolumetricClouds/T_NoiseShape64.uasset" 402
"../../../Engine/Content/EngineSky/VolumetricClouds/T_VolumeNoiseShape64.uasset" 403
"../../../Engine/Content/EngineSky/VolumetricClouds/T_NoiseErosion.uasset" 404
"../../../Engine/Content/EngineSky/VolumetricClouds/T_VolumeNoiseErosion32.uasset" 405
"../../../Engine/Content/EngineSky/VolumetricClouds/CloudWeatherTexture.uasset" 406
"../../../Engine/Content/EngineSky/VolumetricClouds/CloudGradientTexture.uasset" 407
"../../../Engine/Content/Functions/Engine_MaterialFunctions02/Utility/MakeFloat2.uasset" 408
"../../../Engine/Content/EngineSky/VolumetricClouds/m_SimpleVolumetricCloud.uasset" 409
"../../../Engine/Content/EngineSky/VolumetricClouds/m_SimpleVolumetricCloud_Inst.uasset" 410
"../../../Engine/Content/EngineSounds/Master.uasset" 411
"../../../Engine/Content/Functions/Engine_MaterialFunctions01/Shading/PowerToRoughness.uasset" 412
"../../../Engine/Content/Maps/Templates/Thumbnails/Default.uasset" 413
"../../../Engine/Content/Maps/Templates/Thumbnails/TimeOfDay.uasset" 414
"../../../Engine/Content/Maps/Templates/Thumbnails/VR-Basic.uasset" 415
"../../../Engine/Content/MobileResources/T_MobileControls_texture.uasset" 416
"../../../Engine/Content/MobileResources/T_MobileMenu2.uasset" 417
"../../../Engine/Content/MobileResources/HUD/AnalogHat.uasset" 418
"../../../Engine/Content/MobileResources/HUD/VirtualJoystick_Thumb.uasset" 419
"../../../Engine/Content/MobileResources/HUD/VirtualJoystick_Background.uasset" 420
"../../../Engine/Content/MobileResources/HUD/DefaultVirtualJoysticks.uasset" 421
"../../../Engine/Content/MobileResources/HUD/LeftVirtualJoystickOnly.uasset" 422
"../../../Engine/Content/MobileResources/HUD/MobileHUDButton1_off.uasset" 423
"../../../Engine/Content/MobileResources/HUD/MobileHUDButton1_on.uasset" 424
"../../../Engine/Content/MobileResources/HUD/MobileHUDButton2_off.uasset" 425
"../../../Engine/Content/MobileResources/HUD/MobileHUDButton2_on.uasset" 426
"../../../Engine/Content/MobileResources/HUD/MobileHUDButton3.uasset" 427
"../../../Engine/Content/MobileResources/HUD/MobileHUDButtonFire.uasset" 428
"../../../Engine/Content/MobileResources/HUD/MobileHUDDirectionPad.uasset" 429
"../../../Engine/Content/MobileResources/HUD/MobileHUDDirectionPad2.uasset" 430
"../../../Engine/Content/MobileResources/HUD/MobileHUDDirectionPad3.uasset" 431
"../../../Engine/Content/MobileResources/HUD/MobileHUDDirectionStick.uasset" 432
"../../../Engine/Content/MobileResources/HUD/T_Castle_ThumbstickInner.uasset" 433
"../../../Engine/Content/MobileResources/HUD/T_Castle_ThumbstickOutter.uasset" 434
"../../../Engine/Content/Tutorial/ContentIntroCurve.uasset" 435
"../../../Engine/Content/Tutorial/Basics/LevelEditorAttract.uasset" 436
"../../../Engine/Content/Tutorial/BlueprintTutorials/TutorialAssets/Blueprint_64x.uasset" 437
"../../../Engine/Content/Tutorial/BlueprintTutorials/BlueprintEditorTutorial.uasset" 438
"../../../Engine/Content/VREditor/Devices/Vive/UE4_Logo.uasset" 439
"../../../Engine/Content/VREditor/TransformGizmo/TranslucentTransformGizmoMaterial.uasset" 440
"../../../Engine/Content/VREditor/LaserPointer/VR_LaserPower_01.uasset" 441
"../../../Engine/Content/VREditor/TransformGizmo/TransformGizmoMaterial.uasset" 442
"../../../Engine/Content/VREditor/TransformGizmo/BoundingBoxCorner.uasset" 443
"../../../Engine/Content/VREditor/TransformGizmo/BoundingBoxEdge.uasset" 444
"../../../Engine/Content/VREditor/TransformGizmo/PlaneTranslationHandle.uasset" 445
"../../../Engine/Content/VREditor/TransformGizmo/Xray.uasset" 446
"../../../Engine/Content/VREditor/TransformGizmo/Main.uasset" 447
"../../../Engine/Content/VREditor/TransformGizmo/SM_Sequencer_Key.uasset" 448
"../../../Engine/Content/VREditor/TransformGizmo/SM_Sequencer_Node.uasset" 449
"../../Plugins/2D/Paper2D/Content/PlaceholderTextures/DummySpriteTexture.uasset" 450
"../../Plugins/2D/Paper2D/Content/DummySprite.uasset" 451
"../../Plugins/2D/Paper2D/Content/DefaultPaperTerrainMaterial.uasset" 452
"../../Plugins/2D/Paper2D/Content/DefaultSpriteMaterial.uasset" 453
"../../Plugins/2D/Paper2D/Content/MaskedUnlitSpriteMaterial.uasset" 454
"../../Plugins/2D/Paper2D/Content/OpaqueUnlitSpriteMaterial.uasset" 455
"../../../Engine/Content/Functions/Engine_MaterialFunctions02/Utility/BreakOutFloat3Components.uasset" 456
"../../Plugins/Editor/SpeedTreeImporter/Content/SpeedTree9/UnpackInteger3.uasset" 457
"../../Plugins/Editor/SpeedTreeImporter/Content/SpeedTree9/UnpackDirection.uasset" 458
"../../Plugins/Editor/SpeedTreeImporter/Content/SpeedTree9/game_wind_noise.uasset" 459
"../../../Engine/Content/Functions/Engine_MaterialFunctions02/SafeNormalize.uasset" 460
"../../Plugins/Editor/SpeedTreeImporter/Content/SpeedTree9/SpeedTreeWindMotion.uasset" 461
"../../Plugins/Editor/SpeedTreeImporter/Content/SpeedTree9/SpeedTreeBranchMotion.uasset" 462
"../../../Engine/Content/Functions/Engine_MaterialFunctions02/ObjectLocalBounds.uasset" 463
"../../../Engine/Content/Functions/Engine_MaterialFunctions02/UVs/BoundingBoxBased_0-1_UVW.uasset" 464
"../../Plugins/Editor/SpeedTreeImporter/Content/SpeedTree9/SpeedTreeWind.uasset" 465
"../../Plugins/Editor/SpeedTreeImporter/Content/SpeedTree9/SpeedTreeBillboard.uasset" 466
"../../../Engine/Content/EngineResources/DefaultTexture.uasset" 467
"../../Plugins/Editor/SpeedTreeImporter/Content/SpeedTree9/SpeedTreeBillboardMaster.uasset" 468
"../../Plugins/Editor/SpeedTreeImporter/Content/SpeedTree9/SpeedTreeCameraFacing.uasset" 469
"../../Plugins/Editor/SpeedTreeImporter/Content/SpeedTree9/SpeedTreeMaster.uasset" 470
"../../../Engine/Content/BasicShapes/Cylinder.uasset" 471
"../../../Engine/Content/ArtTools/RenderToTexture/Materials/Debug/M_Emissive_Color.uasset" 472
"../../Plugins/Lumin/MagicLeapPassableWorld/Content/MagicLeapARPinInfoActor.uasset" 473
"../../../Engine/Content/Functions/Engine_MaterialFunctions02/Utility/BreakOutFloat4Components.uasset" 474
"../../../Engine/Content/Functions/Engine_MaterialFunctions02/Utility/MakeFloat3.uasset" 475
"../../Plugins/Runtime/Oculus/OculusVR/Content/Materials/OculusMR_ChromaKey.uasset" 476
"../../Plugins/Runtime/Oculus/OculusVR/Content/Materials/OculusMR_OpaqueColoredMaterial.uasset" 477
"../../Plugins/Runtime/Oculus/OculusVR/Content/Materials/PokeAHoleMaterial.uasset" 478
"../../../../UE4_Dalos-master/Content/Geometry/Meshes/CubeMaterial.uasset" 479
"../../../../UE4_Dalos-master/Content/Geometry/Meshes/TemplateFloor.uasset" 480
"../../../Engine/Content/EngineSky/T_Sky_Stars.uasset" 481
"../../../Engine/Content/EngineSky/T_Sky_Clouds_M.uasset" 482
"../../../Engine/Content/EngineSky/T_Sky_Blue.uasset" 483
"../../../../UE4_Dalos-master/Content/Geometry/Meshes/1M_Cube.uasset" 484
"../../../Engine/Content/EngineSky/M_Sky_Panning_Clouds2.uasset" 485
"../../../Engine/Content/EngineSky/SM_SkySphere.uasset" 486
"../../../Engine/Content/EngineSky/C_Sky_Zenith_Color.uasset" 487
"../../../Engine/Content/EngineSky/C_Sky_Horizon_Color.uasset" 488
"../../../Engine/Content/EngineSky/C_Sky_Cloud_Color.uasset" 489
"../../../Engine/Content/EngineSky/BP_Sky_Sphere.uasset" 490
"../../../../UE4_Dalos-master/Content/Map/LobyMap.umap" 491
"../../../../UE4_Dalos-master/Content/Map/MainMenuMap.umap" 492
"../../../../UE4_Dalos-master/Content/ThirdPerson/Meshes/RampMaterial.uasset" 493
"../../../../UE4_Dalos-master/Content/ThirdPerson/Meshes/RightArm_StaticMesh.uasset" 494
"../../../../UE4_Dalos-master/Content/ThirdPerson/Meshes/LeftArm_StaticMesh.uasset" 495
"../../../../UE4_Dalos-master/Content/ThirdPerson/Meshes/Bump_StaticMesh.uasset" 496
"../../../../UE4_Dalos-master/Content/Map/TestMap_BuiltData.uasset" 497
"../../../../UE4_Dalos-master/Content/Geometry/Meshes/1M_Cube_Chamfer.uasset" 498
"../../../../UE4_Dalos-master/Content/Map/TestMap.umap" 499
"../../../../UE4_Dalos-master/Content/Map/TravelMap.umap" 500
